2014-06-26 11:32:32,013 INFO [com.sx.springaop.test.TestTool] - method deleteForum ÐèÒª²âÊÔ
2014-06-26 11:32:32,013 INFO [com.sx.springaop.service.TestAnnoService] - ²âÊÔÉ¾³ý£¬É¾³ýid:1
2014-06-26 11:32:32,013 INFO [com.sx.springaop.service.TestAnnoService] - É¾³ýÄ£¿é:1
2014-06-26 11:32:32,014 INFO [com.sx.springaop.test.TestTool] - method deleteTopic ²»ÐèÒª²âÊÔ
2014-06-26 11:32:32,014 INFO [com.sx.springaop.service.TestAnnoService] - É¾³ýÖ÷Ìâ:1
2014-06-26 15:28:50,581 INFO [com.sx.springaop.advice.PreGreetingAspect] - How are you..
2014-06-26 15:28:50,603 INFO [com.sx.springaop.service.NaiveWaiter] - NaiveWaiter.gree to John
2014-06-26 15:28:50,603 INFO [com.sx.springaop.service.NaiveWaiter] - NaiveWaiter.serve to John
2014-06-26 15:42:02,485 INFO [com.sx.springaop.advice.PreGreetingAspect] - How are you..
2014-06-26 15:42:02,496 INFO [com.sx.springaop.service.NaiveWaiter] - NaiveWaiter.gree to Jhon
2014-06-26 15:42:02,496 INFO [com.sx.springaop.service.NaiveWaiter] - NaiveWaiter.serve to Jhon
2014-06-26 16:03:50,169 INFO [com.sx.springaop.advice.PreGreetingAspect] - How are you..
2014-06-26 16:03:50,182 INFO [com.sx.springaop.service.NaiveWaiter] - NaiveWaiter.gree to Jhon
2014-06-26 16:03:50,182 INFO [com.sx.springaop.service.NaiveWaiter] - NaiveWaiter.serve to Jhon
2014-06-26 16:04:03,724 INFO [com.sx.springaop.advice.PreGreetingAspect] - How are you..
2014-06-26 16:04:03,725 INFO [com.sx.springaop.service.NaiveWaiter] - NaiveWaiter.gree to Jhon
2014-06-26 16:04:03,725 INFO [com.sx.springaop.service.NaiveWaiter] - NaiveWaiter.serve to Jhon
2014-06-26 16:04:42,446 INFO [com.sx.springaop.advice.PreGreetingAspect] - How are you..
2014-06-26 16:04:42,447 INFO [com.sx.springaop.service.NaiveWaiter] - NaiveWaiter.gree to Jhon
2014-06-26 16:04:42,448 INFO [com.sx.springaop.service.NaiveWaiter] - NaiveWaiter.serve to Jhon
2014-06-26 17:01:57,306 INFO [com.sx.springaop.advice.PreGreetingAspect] - How are you..Jhon
2014-06-26 17:01:57,306 INFO [com.sx.springaop.service.NaiveWaiter] - NaiveWaiter.gree to Jhon
2014-06-26 17:01:57,306 INFO [com.sx.springaop.service.NaiveWaiter] - NaiveWaiter.serve to Jhon
